<?xml version="1.0" encoding="UTF-8"?>
<testsuite xmlns:xsi="http://www.w3.org/2001/XMLSchema-instance" xsi:noNamespaceSchemaLocation="https://maven.apache.org/surefire/maven-surefire-plugin/xsd/surefire-test-report.xsd" name="DammAutomationFramework.estrellaDamm.RegisterTest" time="4.799" tests="1" errors="0" skipped="0" failures="0">
  <properties>
    <property name="gopherProxySet" value="false"/>
    <property name="awt.toolkit" value="sun.lwawt.macosx.LWCToolkit"/>
    <property name="java.specification.version" value="11"/>
    <property name="webdriver.chrome.driver" value="drivers/chromedriver-mac-64bit"/>
    <property name="sun.cpu.isalist" value=""/>
    <property name="sun.jnu.encoding" value="UTF-8"/>
    <property name="java.class.path" value="/Users/skalatskiy/Develop/Mindata/DAMM/damm-automation-framework/web/target/test-classes:/Users/skalatskiy/Develop/Mindata/DAMM/damm-automation-framework/web/target/classes:/Users/skalatskiy/.m2/repository/com/github/webdriverextensions/webdriverextensions/3.10.0/webdriverextensions-3.10.0.jar:/Users/skalatskiy/.m2/repository/com/sun/codemodel/codemodel/2.6/codemodel-2.6.jar:/Users/skalatskiy/.m2/repository/org/apache/commons/commons-lang3/3.7/commons-lang3-3.7.jar:/Users/skalatskiy/.m2/repository/com/google/code/gson/gson/2.8.2/gson-2.8.2.jar:/Users/skalatskiy/.m2/repository/junit/junit/4.12/junit-4.12.jar:/Users/skalatskiy/.m2/repository/org/hamcrest/hamcrest-core/1.3/hamcrest-core-1.3.jar:/Users/skalatskiy/.m2/repository/com/googlecode/lambdaj/lambdaj/2.3.3/lambdaj-2.3.3.jar:/Users/skalatskiy/.m2/repository/org/hamcrest/hamcrest-all/1.1/hamcrest-all-1.1.jar:/Users/skalatskiy/.m2/repository/org/objenesis/objenesis/1.2/objenesis-1.2.jar:/Users/skalatskiy/.m2/repository/cglib/cglib-nodep/2.2/cglib-nodep-2.2.jar:/Users/skalatskiy/.m2/repository/ch/qos/logback/logback-classic/1.2.3/logback-classic-1.2.3.jar:/Users/skalatskiy/.m2/repository/ch/qos/logback/logback-core/1.2.3/logback-core-1.2.3.jar:/Users/skalatskiy/.m2/repository/org/slf4j/slf4j-api/1.7.25/slf4j-api-1.7.25.jar:/Users/skalatskiy/.m2/repository/org/seleniumhq/selenium/selenium-java/3.8.1/selenium-java-3.8.1.jar:/Users/skalatskiy/.m2/repository/org/seleniumhq/selenium/selenium-chrome-driver/3.8.1/selenium-chrome-driver-3.8.1.jar:/Users/skalatskiy/.m2/repository/org/seleniumhq/selenium/selenium-edge-driver/3.8.1/selenium-edge-driver-3.8.1.jar:/Users/skalatskiy/.m2/repository/org/seleniumhq/selenium/selenium-firefox-driver/3.8.1/selenium-firefox-driver-3.8.1.jar:/Users/skalatskiy/.m2/repository/org/seleniumhq/selenium/selenium-ie-driver/3.8.1/selenium-ie-driver-3.8.1.jar:/Users/skalatskiy/.m2/repository/org/seleniumhq/selenium/selenium-opera-driver/3.8.1/selenium-opera-driver-3.8.1.jar:/Users/skalatskiy/.m2/repository/org/seleniumhq/selenium/selenium-safari-driver/3.8.1/selenium-safari-driver-3.8.1.jar:/Users/skalatskiy/.m2/repository/org/seleniumhq/selenium/selenium-support/3.8.1/selenium-support-3.8.1.jar:/Users/skalatskiy/.m2/repository/net/bytebuddy/byte-buddy/1.7.5/byte-buddy-1.7.5.jar:/Users/skalatskiy/.m2/repository/org/apache/commons/commons-exec/1.3/commons-exec-1.3.jar:/Users/skalatskiy/.m2/repository/commons-codec/commons-codec/1.10/commons-codec-1.10.jar:/Users/skalatskiy/.m2/repository/commons-logging/commons-logging/1.2/commons-logging-1.2.jar:/Users/skalatskiy/.m2/repository/com/google/guava/guava/23.0/guava-23.0.jar:/Users/skalatskiy/.m2/repository/com/google/code/findbugs/jsr305/1.3.9/jsr305-1.3.9.jar:/Users/skalatskiy/.m2/repository/com/google/errorprone/error_prone_annotations/2.0.18/error_prone_annotations-2.0.18.jar:/Users/skalatskiy/.m2/repository/com/google/j2objc/j2objc-annotations/1.1/j2objc-annotations-1.1.jar:/Users/skalatskiy/.m2/repository/org/codehaus/mojo/animal-sniffer-annotations/1.14/animal-sniffer-annotations-1.14.jar:/Users/skalatskiy/.m2/repository/org/apache/httpcomponents/httpclient/4.5.3/httpclient-4.5.3.jar:/Users/skalatskiy/.m2/repository/org/apache/httpcomponents/httpcore/4.4.6/httpcore-4.4.6.jar:/Users/skalatskiy/.m2/repository/org/seleniumhq/selenium/selenium-remote-driver/3.8.1/selenium-remote-driver-3.8.1.jar:/Users/skalatskiy/.m2/repository/org/seleniumhq/selenium/selenium-api/3.8.1/selenium-api-3.8.1.jar:/Users/skalatskiy/.m2/repository/org/seleniumhq/selenium/htmlunit-driver/2.29.0/htmlunit-driver-2.29.0.jar:/Users/skalatskiy/.m2/repository/net/sourceforge/htmlunit/htmlunit/2.29/htmlunit-2.29.jar:/Users/skalatskiy/.m2/repository/xalan/xalan/2.7.2/xalan-2.7.2.jar:/Users/skalatskiy/.m2/repository/xalan/serializer/2.7.2/serializer-2.7.2.jar:/Users/skalatskiy/.m2/repository/org/apache/commons/commons-text/1.2/commons-text-1.2.jar:/Users/skalatskiy/.m2/repository/org/apache/httpcomponents/httpmime/4.5.4/httpmime-4.5.4.jar:/Users/skalatskiy/.m2/repository/net/sourceforge/htmlunit/htmlunit-core-js/2.28/htmlunit-core-js-2.28.jar:/Users/skalatskiy/.m2/repository/net/sourceforge/htmlunit/neko-htmlunit/2.28/neko-htmlunit-2.28.jar:/Users/skalatskiy/.m2/repository/xerces/xercesImpl/2.11.0/xercesImpl-2.11.0.jar:/Users/skalatskiy/.m2/repository/xml-apis/xml-apis/1.4.01/xml-apis-1.4.01.jar:/Users/skalatskiy/.m2/repository/net/sourceforge/cssparser/cssparser/0.9.24/cssparser-0.9.24.jar:/Users/skalatskiy/.m2/repository/org/w3c/css/sac/1.3/sac-1.3.jar:/Users/skalatskiy/.m2/repository/commons-io/commons-io/2.6/commons-io-2.6.jar:/Users/skalatskiy/.m2/repository/commons-net/commons-net/3.6/commons-net-3.6.jar:/Users/skalatskiy/.m2/repository/org/eclipse/jetty/websocket/websocket-client/9.4.8.v20171121/websocket-client-9.4.8.v20171121.jar:/Users/skalatskiy/.m2/repository/org/eclipse/jetty/jetty-client/9.4.8.v20171121/jetty-client-9.4.8.v20171121.jar:/Users/skalatskiy/.m2/repository/org/eclipse/jetty/jetty-http/9.4.8.v20171121/jetty-http-9.4.8.v20171121.jar:/Users/skalatskiy/.m2/repository/org/eclipse/jetty/jetty-xml/9.4.8.v20171121/jetty-xml-9.4.8.v20171121.jar:/Users/skalatskiy/.m2/repository/org/eclipse/jetty/jetty-util/9.4.8.v20171121/jetty-util-9.4.8.v20171121.jar:/Users/skalatskiy/.m2/repository/org/eclipse/jetty/jetty-io/9.4.8.v20171121/jetty-io-9.4.8.v20171121.jar:/Users/skalatskiy/.m2/repository/org/eclipse/jetty/websocket/websocket-common/9.4.8.v20171121/websocket-common-9.4.8.v20171121.jar:/Users/skalatskiy/.m2/repository/org/eclipse/jetty/websocket/websocket-api/9.4.8.v20171121/websocket-api-9.4.8.v20171121.jar:/Users/skalatskiy/.m2/repository/com/codeborne/phantomjsdriver/1.4.4/phantomjsdriver-1.4.4.jar:/Users/skalatskiy/.m2/repository/net/java/dev/jna/jna-platform/4.1.0/jna-platform-4.1.0.jar:/Users/skalatskiy/.m2/repository/net/java/dev/jna/jna/4.1.0/jna-4.1.0.jar:/Users/skalatskiy/.m2/repository/org/projectlombok/lombok/1.18.10/lombok-1.18.10.jar:/Users/skalatskiy/.m2/repository/com/sun/mail/javax.mail/1.6.2/javax.mail-1.6.2.jar:/Users/skalatskiy/.m2/repository/javax/activation/activation/1.1/activation-1.1.jar:"/>
    <property name="java.vm.vendor" value="Oracle Corporation"/>
    <property name="sun.arch.data.model" value="64"/>
    <property name="java.vendor.url" value="http://java.oracle.com/"/>
    <property name="user.timezone" value="Europe/Madrid"/>
    <property name="java.vm.specification.version" value="11"/>
    <property name="os.name" value="Mac OS X"/>
    <property name="sun.java.launcher" value="SUN_STANDARD"/>
    <property name="user.country" value="GB"/>
    <property name="sun.boot.library.path" value="/Library/Java/JavaVirtualMachines/jdk-11.0.5.jdk/Contents/Home/lib"/>
    <property name="sun.java.command" value="/Users/skalatskiy/Develop/Mindata/DAMM/damm-automation-framework/web/target/surefire/surefirebooter14276800131669010996.jar /Users/skalatskiy/Develop/Mindata/DAMM/damm-automation-framework/web/target/surefire 2019-12-05T09-58-55_782-jvmRun1 surefire16954246148592325914tmp surefire_010635429965196426021tmp"/>
    <property name="http.nonProxyHosts" value="local|*.local|169.254/16|*.169.254/16"/>
    <property name="jdk.debug" value="release"/>
    <property name="test" value="DammAutomationFramework.estrellaDamm.RegisterTest#registerFormOnHomePage@Firefox"/>
    <property name="surefire.test.class.path" value="/Users/skalatskiy/Develop/Mindata/DAMM/damm-automation-framework/web/target/test-classes:/Users/skalatskiy/Develop/Mindata/DAMM/damm-automation-framework/web/target/classes:/Users/skalatskiy/.m2/repository/com/github/webdriverextensions/webdriverextensions/3.10.0/webdriverextensions-3.10.0.jar:/Users/skalatskiy/.m2/repository/com/sun/codemodel/codemodel/2.6/codemodel-2.6.jar:/Users/skalatskiy/.m2/repository/org/apache/commons/commons-lang3/3.7/commons-lang3-3.7.jar:/Users/skalatskiy/.m2/repository/com/google/code/gson/gson/2.8.2/gson-2.8.2.jar:/Users/skalatskiy/.m2/repository/junit/junit/4.12/junit-4.12.jar:/Users/skalatskiy/.m2/repository/org/hamcrest/hamcrest-core/1.3/hamcrest-core-1.3.jar:/Users/skalatskiy/.m2/repository/com/googlecode/lambdaj/lambdaj/2.3.3/lambdaj-2.3.3.jar:/Users/skalatskiy/.m2/repository/org/hamcrest/hamcrest-all/1.1/hamcrest-all-1.1.jar:/Users/skalatskiy/.m2/repository/org/objenesis/objenesis/1.2/objenesis-1.2.jar:/Users/skalatskiy/.m2/repository/cglib/cglib-nodep/2.2/cglib-nodep-2.2.jar:/Users/skalatskiy/.m2/repository/ch/qos/logback/logback-classic/1.2.3/logback-classic-1.2.3.jar:/Users/skalatskiy/.m2/repository/ch/qos/logback/logback-core/1.2.3/logback-core-1.2.3.jar:/Users/skalatskiy/.m2/repository/org/slf4j/slf4j-api/1.7.25/slf4j-api-1.7.25.jar:/Users/skalatskiy/.m2/repository/org/seleniumhq/selenium/selenium-java/3.8.1/selenium-java-3.8.1.jar:/Users/skalatskiy/.m2/repository/org/seleniumhq/selenium/selenium-chrome-driver/3.8.1/selenium-chrome-driver-3.8.1.jar:/Users/skalatskiy/.m2/repository/org/seleniumhq/selenium/selenium-edge-driver/3.8.1/selenium-edge-driver-3.8.1.jar:/Users/skalatskiy/.m2/repository/org/seleniumhq/selenium/selenium-firefox-driver/3.8.1/selenium-firefox-driver-3.8.1.jar:/Users/skalatskiy/.m2/repository/org/seleniumhq/selenium/selenium-ie-driver/3.8.1/selenium-ie-driver-3.8.1.jar:/Users/skalatskiy/.m2/repository/org/seleniumhq/selenium/selenium-opera-driver/3.8.1/selenium-opera-driver-3.8.1.jar:/Users/skalatskiy/.m2/repository/org/seleniumhq/selenium/selenium-safari-driver/3.8.1/selenium-safari-driver-3.8.1.jar:/Users/skalatskiy/.m2/repository/org/seleniumhq/selenium/selenium-support/3.8.1/selenium-support-3.8.1.jar:/Users/skalatskiy/.m2/repository/net/bytebuddy/byte-buddy/1.7.5/byte-buddy-1.7.5.jar:/Users/skalatskiy/.m2/repository/org/apache/commons/commons-exec/1.3/commons-exec-1.3.jar:/Users/skalatskiy/.m2/repository/commons-codec/commons-codec/1.10/commons-codec-1.10.jar:/Users/skalatskiy/.m2/repository/commons-logging/commons-logging/1.2/commons-logging-1.2.jar:/Users/skalatskiy/.m2/repository/com/google/guava/guava/23.0/guava-23.0.jar:/Users/skalatskiy/.m2/repository/com/google/code/findbugs/jsr305/1.3.9/jsr305-1.3.9.jar:/Users/skalatskiy/.m2/repository/com/google/errorprone/error_prone_annotations/2.0.18/error_prone_annotations-2.0.18.jar:/Users/skalatskiy/.m2/repository/com/google/j2objc/j2objc-annotations/1.1/j2objc-annotations-1.1.jar:/Users/skalatskiy/.m2/repository/org/codehaus/mojo/animal-sniffer-annotations/1.14/animal-sniffer-annotations-1.14.jar:/Users/skalatskiy/.m2/repository/org/apache/httpcomponents/httpclient/4.5.3/httpclient-4.5.3.jar:/Users/skalatskiy/.m2/repository/org/apache/httpcomponents/httpcore/4.4.6/httpcore-4.4.6.jar:/Users/skalatskiy/.m2/repository/org/seleniumhq/selenium/selenium-remote-driver/3.8.1/selenium-remote-driver-3.8.1.jar:/Users/skalatskiy/.m2/repository/org/seleniumhq/selenium/selenium-api/3.8.1/selenium-api-3.8.1.jar:/Users/skalatskiy/.m2/repository/org/seleniumhq/selenium/htmlunit-driver/2.29.0/htmlunit-driver-2.29.0.jar:/Users/skalatskiy/.m2/repository/net/sourceforge/htmlunit/htmlunit/2.29/htmlunit-2.29.jar:/Users/skalatskiy/.m2/repository/xalan/xalan/2.7.2/xalan-2.7.2.jar:/Users/skalatskiy/.m2/repository/xalan/serializer/2.7.2/serializer-2.7.2.jar:/Users/skalatskiy/.m2/repository/org/apache/commons/commons-text/1.2/commons-text-1.2.jar:/Users/skalatskiy/.m2/repository/org/apache/httpcomponents/httpmime/4.5.4/httpmime-4.5.4.jar:/Users/skalatskiy/.m2/repository/net/sourceforge/htmlunit/htmlunit-core-js/2.28/htmlunit-core-js-2.28.jar:/Users/skalatskiy/.m2/repository/net/sourceforge/htmlunit/neko-htmlunit/2.28/neko-htmlunit-2.28.jar:/Users/skalatskiy/.m2/repository/xerces/xercesImpl/2.11.0/xercesImpl-2.11.0.jar:/Users/skalatskiy/.m2/repository/xml-apis/xml-apis/1.4.01/xml-apis-1.4.01.jar:/Users/skalatskiy/.m2/repository/net/sourceforge/cssparser/cssparser/0.9.24/cssparser-0.9.24.jar:/Users/skalatskiy/.m2/repository/org/w3c/css/sac/1.3/sac-1.3.jar:/Users/skalatskiy/.m2/repository/commons-io/commons-io/2.6/commons-io-2.6.jar:/Users/skalatskiy/.m2/repository/commons-net/commons-net/3.6/commons-net-3.6.jar:/Users/skalatskiy/.m2/repository/org/eclipse/jetty/websocket/websocket-client/9.4.8.v20171121/websocket-client-9.4.8.v20171121.jar:/Users/skalatskiy/.m2/repository/org/eclipse/jetty/jetty-client/9.4.8.v20171121/jetty-client-9.4.8.v20171121.jar:/Users/skalatskiy/.m2/repository/org/eclipse/jetty/jetty-http/9.4.8.v20171121/jetty-http-9.4.8.v20171121.jar:/Users/skalatskiy/.m2/repository/org/eclipse/jetty/jetty-xml/9.4.8.v20171121/jetty-xml-9.4.8.v20171121.jar:/Users/skalatskiy/.m2/repository/org/eclipse/jetty/jetty-util/9.4.8.v20171121/jetty-util-9.4.8.v20171121.jar:/Users/skalatskiy/.m2/repository/org/eclipse/jetty/jetty-io/9.4.8.v20171121/jetty-io-9.4.8.v20171121.jar:/Users/skalatskiy/.m2/repository/org/eclipse/jetty/websocket/websocket-common/9.4.8.v20171121/websocket-common-9.4.8.v20171121.jar:/Users/skalatskiy/.m2/repository/org/eclipse/jetty/websocket/websocket-api/9.4.8.v20171121/websocket-api-9.4.8.v20171121.jar:/Users/skalatskiy/.m2/repository/com/codeborne/phantomjsdriver/1.4.4/phantomjsdriver-1.4.4.jar:/Users/skalatskiy/.m2/repository/net/java/dev/jna/jna-platform/4.1.0/jna-platform-4.1.0.jar:/Users/skalatskiy/.m2/repository/net/java/dev/jna/jna/4.1.0/jna-4.1.0.jar:/Users/skalatskiy/.m2/repository/org/projectlombok/lombok/1.18.10/lombok-1.18.10.jar:/Users/skalatskiy/.m2/repository/com/sun/mail/javax.mail/1.6.2/javax.mail-1.6.2.jar:/Users/skalatskiy/.m2/repository/javax/activation/activation/1.1/activation-1.1.jar:"/>
    <property name="sun.cpu.endian" value="little"/>
    <property name="user.home" value="/Users/skalatskiy"/>
    <property name="user.language" value="en"/>
    <property name="java.specification.vendor" value="Oracle Corporation"/>
    <property name="java.version.date" value="2019-10-15"/>
    <property name="java.home" value="/Library/Java/JavaVirtualMachines/jdk-11.0.5.jdk/Contents/Home"/>
    <property name="file.separator" value="/"/>
    <property name="basedir" value="/Users/skalatskiy/Develop/Mindata/DAMM/damm-automation-framework/web"/>
    <property name="java.vm.compressedOopsMode" value="Zero based"/>
    <property name="line.separator" value="&#10;"/>
    <property name="java.specification.name" value="Java Platform API Specification"/>
    <property name="java.vm.specification.vendor" value="Oracle Corporation"/>
    <property name="java.awt.graphicsenv" value="sun.awt.CGraphicsEnvironment"/>
    <property name="surefire.real.class.path" value="/Users/skalatskiy/Develop/Mindata/DAMM/damm-automation-framework/web/target/surefire/surefirebooter14276800131669010996.jar"/>
    <property name="sun.management.compiler" value="HotSpot 64-Bit Tiered Compilers"/>
    <property name="ftp.nonProxyHosts" value="local|*.local|169.254/16|*.169.254/16"/>
    <property name="java.runtime.version" value="11.0.5+10-LTS"/>
    <property name="user.name" value="skalatskiy"/>
    <property name="path.separator" value=":"/>
    <property name="os.version" value="10.15.1"/>
    <property name="java.runtime.name" value="Java(TM) SE Runtime Environment"/>
    <property name="file.encoding" value="UTF-8"/>
    <property name="phantomjs.binary.path" value="drivers/phantomjs-mac-64bit"/>
    <property name="java.vm.name" value="Java HotSpot(TM) 64-Bit Server VM"/>
    <property name="java.vendor.version" value="18.9"/>
    <property name="localRepository" value="/Users/skalatskiy/.m2/repository"/>
    <property name="java.vendor.url.bug" value="http://bugreport.java.com/bugreport/"/>
    <property name="java.io.tmpdir" value="/var/folders/76/bl9t17sd7pn4d9q1xy8zx05w0000gn/T/"/>
    <property name="webdriverextensions.screenshotspath" value="/Users/skalatskiy/Develop/Mindata/DAMM/damm-automation-framework/web/screenshots"/>
    <property name="java.version" value="11.0.5"/>
    <property name="user.dir" value="/Users/skalatskiy/Develop/Mindata/DAMM/damm-automation-framework/web"/>
    <property name="os.arch" value="x86_64"/>
    <property name="webdriver.gecko.driver" value="drivers/geckodriver-mac-64bit"/>
    <property name="java.vm.specification.name" value="Java Virtual Machine Specification"/>
    <property name="java.awt.printerjob" value="sun.lwawt.macosx.CPrinterJob"/>
    <property name="sun.os.patch.level" value="unknown"/>
    <property name="java.library.path" value="/Users/skalatskiy/Library/Java/Extensions:/Library/Java/Extensions:/Network/Library/Java/Extensions:/System/Library/Java/Extensions:/usr/lib/java:."/>
    <property name="java.vendor" value="Oracle Corporation"/>
    <property name="java.vm.info" value="mixed mode"/>
    <property name="java.vm.version" value="11.0.5+10-LTS"/>
    <property name="sun.io.unicode.encoding" value="UnicodeBig"/>
    <property name="java.class.version" value="55.0"/>
    <property name="socksNonProxyHosts" value="local|*.local|169.254/16|*.169.254/16"/>
  </properties>
  <testcase name="registerFormOnHomePage@Firefox" classname="DammAutomationFramework.estrellaDamm.RegisterTest" time="4.799"/>
</testsuite>